<?xml version="1.0" encoding="UTF-8"?>
<!-- Generated by org.testng.reporters.JUnitXMLReporter -->
<testsuite hostname="DESKTOP-LH273OQ" ignored="3" name="Test" tests="7" failures="0" timestamp="18 一月 2021 12:19:45 GMT" time="2.38" errors="0">
  <testcase name="test01_login" time="1.191" classname="com.mtx.shop1118.MtxShopOrderTest1123_3"/>
  <testcase name="test02_addOrder" time="0.268" classname="com.mtx.shop1118.MtxShopOrderTest1123_3"/>
  <testcase name="test04_login" time="0.091" classname="com.mtx.shop1118.MtxShopLoginTest"/>
  <testcase name="test04_login" time="0.095" classname="com.mtx.shop1118.MtxShopLoginTest"/>
  <testcase name="test04_login" time="0.079" classname="com.mtx.shop1118.MtxShopLoginTest"/>
  <testcase name="test04_login" time="0.107" classname="com.mtx.shop1118.MtxShopLoginTest"/>
  <testcase name="test04_login" time="0.109" classname="com.mtx.shop1118.MtxShopLoginTest"/>
  <testcase name="test03_login" time="0.0" classname="com.mtx.shop1118.MtxShopLoginTest">
    <ignored/>
  </testcase> <!-- test03_login -->
  <testcase name="test01_login" time="0.0" classname="com.mtx.shop1118.MtxShopLoginTest">
    <ignored/>
  </testcase> <!-- test01_login -->
  <testcase name="test02_login" time="0.0" classname="com.mtx.shop1118.MtxShopLoginTest">
    <ignored/>
  </testcase> <!-- test02_login -->
</testsuite> <!-- Test -->
