<?xml version="1.0" encoding="UTF-8"?>
<testng-results skipped="0" failed="0" ignored="1" total="2" passed="1">
  <reporter-output>
  </reporter-output>
  <suite name="Default suite" duration-ms="1529" started-at="2020-12-15T05:31:33Z" finished-at="2020-12-15T05:31:34Z">
    <groups>
    </groups>
    <test name="Default test" duration-ms="1529" started-at="2020-12-15T05:31:33Z" finished-at="2020-12-15T05:31:34Z">
      <class name="com.mtx.apitest.DeleteCustomerTests">
        <test-method status="PASS" signature="setUp()[pri:0, instance:com.mtx.apitest.DeleteCustomerTests@685cb137]" name="setUp" is-config="true" duration-ms="1419" started-at="2020-12-15T05:31:33Z" finished-at="2020-12-15T05:31:34Z">
          <reporter-output>
          </reporter-output>
        </test-method> <!-- setUp -->
        <test-method status="PASS" signature="test02_deleteCustomer()[pri:0, instance:com.mtx.apitest.DeleteCustomerTests@685cb137]" name="test02_deleteCustomer" duration-ms="85" started-at="2020-12-15T05:31:34Z" description="反例-新增客户-新增该客户联系人-删除该客户" finished-at="2020-12-15T05:31:34Z">
          <reporter-output>
          </reporter-output>
        </test-method> <!-- test02_deleteCustomer -->
        <test-method status="PASS" signature="tearDown()[pri:0, instance:com.mtx.apitest.DeleteCustomerTests@685cb137]" name="tearDown" is-config="true" duration-ms="2" started-at="2020-12-15T05:31:34Z" finished-at="2020-12-15T05:31:34Z">
          <reporter-output>
          </reporter-output>
        </test-method> <!-- tearDown -->
      </class> <!-- com.mtx.apitest.DeleteCustomerTests -->
    </test> <!-- Default test -->
  </suite> <!-- Default suite -->
</testng-results>
