<?xml version="1.0" encoding="UTF-8"?>
<!-- Generated by org.testng.reporters.JUnitXMLReporter -->
<testsuite hostname="DESKTOP-LH273OQ" ignored="1" name="Default test" tests="1" failures="0" timestamp="15 十二月 2020 05:31:34 GMT" time="1.529" errors="0">
  <testcase name="test02_deleteCustomer" time="0.085" classname="com.mtx.apitest.DeleteCustomerTests"/>
  <testcase name="test01_deleteCustomer" time="0.0" classname="com.mtx.apitest.DeleteCustomerTests">
    <ignored/>
  </testcase> <!-- test01_deleteCustomer -->
</testsuite> <!-- Default test -->
